<?xml version="1.0" encoding="UTF-8"?>
<testng-results ignored="0" total="1" passed="1" failed="0" skipped="0">
  <reporter-output>
  </reporter-output>
  <suite started-at="2024-03-12T22:15:05 SAST" name="workSpace.TestingWebdriver" finished-at="2024-03-12T22:15:23 SAST" duration-ms="17673">
    <groups>
    </groups>
    <test started-at="2024-03-12T22:15:05 SAST" name="Command line test" finished-at="2024-03-12T22:15:23 SAST" duration-ms="17673">
      <class name="workSpace.TestingWebdriver">
        <test-method is-config="true" signature="classSetup()[pri:0, instance:workSpace.TestingWebdriver@30ee2816]" started-at="2024-03-12T22:15:05 SAST" name="classSetup" finished-at="2024-03-12T22:15:21 SAST" duration-ms="15776" status="PASS">
          <reporter-output>
          </reporter-output>
        </test-method> <!-- classSetup -->
        <test-method signature="runTest()[pri:0, instance:workSpace.TestingWebdriver@30ee2816]" started-at="2024-03-12T22:15:21 SAST" name="runTest" finished-at="2024-03-12T22:15:23 SAST" duration-ms="1548" status="PASS">
          <reporter-output>
          </reporter-output>
        </test-method> <!-- runTest -->
        <test-method is-config="true" signature="closeBrowsers()[pri:0, instance:workSpace.TestingWebdriver@30ee2816]" started-at="2024-03-12T22:15:23 SAST" name="closeBrowsers" finished-at="2024-03-12T22:15:23 SAST" duration-ms="271" status="PASS">
          <reporter-output>
          </reporter-output>
        </test-method> <!-- closeBrowsers -->
      </class> <!-- workSpace.TestingWebdriver -->
    </test> <!-- Command line test -->
  </suite> <!-- workSpace.TestingWebdriver -->
</testng-results>
