<?xml version="1.0" encoding="UTF-8"?>
<testng-results ignored="0" total="1" passed="1" failed="0" skipped="0">
  <reporter-output>
  </reporter-output>
  <suite started-at="2024-03-20T12:06:12 SAST" name="Default suite" finished-at="2024-03-20T12:06:34 SAST" duration-ms="22442">
    <groups>
    </groups>
    <test started-at="2024-03-20T12:06:12 SAST" name="Default test" finished-at="2024-03-20T12:06:34 SAST" duration-ms="22442">
      <class name="workSpace.TestingWebdriver">
        <test-method is-config="true" signature="classSetup()[pri:0, instance:workSpace.TestingWebdriver@40cb8df7]" started-at="2024-03-20T12:06:12 SAST" name="classSetup" finished-at="2024-03-20T12:06:33 SAST" duration-ms="20807" status="PASS">
          <reporter-output>
          </reporter-output>
        </test-method> <!-- classSetup -->
        <test-method signature="runTest()[pri:0, instance:workSpace.TestingWebdriver@40cb8df7]" started-at="2024-03-20T12:06:33 SAST" name="runTest" finished-at="2024-03-20T12:06:34 SAST" duration-ms="1549" status="PASS">
          <reporter-output>
          </reporter-output>
        </test-method> <!-- runTest -->
        <test-method is-config="true" signature="closeBrowsers()[pri:0, instance:workSpace.TestingWebdriver@40cb8df7]" started-at="2024-03-20T12:06:34 SAST" name="closeBrowsers" finished-at="2024-03-20T12:06:34 SAST" duration-ms="1" status="PASS">
          <reporter-output>
          </reporter-output>
        </test-method> <!-- closeBrowsers -->
      </class> <!-- workSpace.TestingWebdriver -->
    </test> <!-- Default test -->
  </suite> <!-- Default suite -->
</testng-results>
